<?xml version='1.0' encoding='utf-8'?>
<coverage version="7.11.3" timestamp="1762977512668" lines-valid="339" lines-covered="325" line-rate="0.9587" branches-covered="0" branches-valid="0" branch-rate="0" complexity="0">
	
	
	<sources>
		<source>servico-externo</source></sources>
	<packages>
		<package name="." line-rate="0.9587" branch-rate="0" complexity="0">
			<classes>
				<class name="__init__.py" filename="__init__.py" complexity="0" line-rate="1" branch-rate="0">
					<methods />
					<lines />
				</class>
				<class name="admin.py" filename="admin.py" complexity="0" line-rate="1" branch-rate="0">
					<methods />
					<lines>
						<line number="5" hits="1" />
						<line number="6" hits="1" />
						<line number="7" hits="1" />
						<line number="9" hits="1" />
						<line number="12" hits="1" />
						<line number="13" hits="1" />
						<line number="18" hits="1" />
						<line number="19" hits="1" />
						<line number="21" hits="1" />
					</lines>
				</class>
				<class name="cartao.py" filename="cartao.py" complexity="0" line-rate="0.9385" branch-rate="0">
					<methods />
					<lines>
						<line number="6" hits="1" />
						<line number="7" hits="1" />
						<line number="8" hits="1" />
						<line number="10" hits="1" />
						<line number="11" hits="1" />
						<line number="12" hits="1" />
						<line number="13" hits="1" />
						<line number="16" hits="1" />
						<line number="19" hits="1" />
						<line number="32" hits="1" />
						<line number="35" hits="1" />
						<line number="36" hits="1" />
						<line number="39" hits="1" />
						<line number="40" hits="0" />
						<line number="43" hits="1" />
						<line number="44" hits="1" />
						<line number="45" hits="1" />
						<line number="46" hits="1" />
						<line number="47" hits="1" />
						<line number="48" hits="1" />
						<line number="49" hits="1" />
						<line number="50" hits="1" />
						<line number="51" hits="1" />
						<line number="52" hits="1" />
						<line number="54" hits="1" />
						<line number="55" hits="1" />
						<line number="58" hits="1" />
						<line number="59" hits="1" />
						<line number="60" hits="1" />
						<line number="61" hits="1" />
						<line number="63" hits="1" />
						<line number="64" hits="1" />
						<line number="67" hits="1" />
						<line number="68" hits="1" />
						<line number="69" hits="1" />
						<line number="70" hits="1" />
						<line number="71" hits="1" />
						<line number="73" hits="0" />
						<line number="74" hits="0" />
						<line number="77" hits="1" />
						<line number="78" hits="0" />
						<line number="80" hits="1" />
						<line number="83" hits="1" />
						<line number="84" hits="1" />
						<line number="91" hits="1" />
						<line number="92" hits="1" />
						<line number="93" hits="1" />
						<line number="96" hits="1" />
						<line number="97" hits="1" />
						<line number="110" hits="1" />
						<line number="111" hits="1" />
						<line number="112" hits="1" />
						<line number="115" hits="1" />
						<line number="122" hits="1" />
						<line number="124" hits="1" />
						<line number="126" hits="1" />
						<line number="127" hits="1" />
						<line number="136" hits="1" />
						<line number="137" hits="1" />
						<line number="150" hits="1" />
						<line number="151" hits="1" />
						<line number="152" hits="1" />
						<line number="154" hits="1" />
						<line number="155" hits="1" />
						<line number="163" hits="1" />
					</lines>
				</class>
				<class name="cartao_model.py" filename="cartao_model.py" complexity="0" line-rate="1" branch-rate="0">
					<methods />
					<lines>
						<line number="1" hits="1" />
						<line number="2" hits="1" />
						<line number="5" hits="1" />
						<line number="7" hits="1" />
						<line number="8" hits="1" />
						<line number="9" hits="1" />
						<line number="10" hits="1" />
						<line number="12" hits="1" />
						<line number="13" hits="1" />
						<line number="16" hits="1" />
						<line number="18" hits="1" />
						<line number="19" hits="1" />
						<line number="20" hits="1" />
						<line number="21" hits="1" />
						<line number="22" hits="1" />
						<line number="23" hits="1" />
						<line number="24" hits="1" />
						<line number="25" hits="1" />
						<line number="27" hits="1" />
						<line number="28" hits="1" />
						<line number="29" hits="1" />
					</lines>
				</class>
				<class name="cartao_repository.py" filename="cartao_repository.py" complexity="0" line-rate="0.9615" branch-rate="0">
					<methods />
					<lines>
						<line number="5" hits="1" />
						<line number="6" hits="1" />
						<line number="7" hits="1" />
						<line number="8" hits="1" />
						<line number="9" hits="1" />
						<line number="12" hits="1" />
						<line number="15" hits="1" />
						<line number="16" hits="1" />
						<line number="17" hits="1" />
						<line number="18" hits="1" />
						<line number="20" hits="1" />
						<line number="23" hits="1" />
						<line number="24" hits="1" />
						<line number="27" hits="1" />
						<line number="28" hits="1" />
						<line number="29" hits="1" />
						<line number="31" hits="0" />
						<line number="33" hits="1" />
						<line number="44" hits="1" />
						<line number="45" hits="1" />
						<line number="47" hits="1" />
						<line number="49" hits="1" />
						<line number="50" hits="1" />
						<line number="52" hits="1" />
						<line number="54" hits="1" />
						<line number="55" hits="1" />
					</lines>
				</class>
				<class name="cobranca.py" filename="cobranca.py" complexity="0" line-rate="1" branch-rate="0">
					<methods />
					<lines>
						<line number="6" hits="1" />
						<line number="7" hits="1" />
						<line number="8" hits="1" />
						<line number="10" hits="1" />
						<line number="11" hits="1" />
						<line number="12" hits="1" />
						<line number="13" hits="1" />
						<line number="16" hits="1" />
						<line number="19" hits="1" />
						<line number="20" hits="1" />
						<line number="27" hits="1" />
						<line number="28" hits="1" />
						<line number="29" hits="1" />
						<line number="32" hits="1" />
						<line number="33" hits="1" />
						<line number="46" hits="1" />
						<line number="47" hits="1" />
						<line number="48" hits="1" />
						<line number="50" hits="1" />
						<line number="52" hits="1" />
						<line number="53" hits="1" />
						<line number="62" hits="1" />
						<line number="63" hits="1" />
						<line number="76" hits="1" />
						<line number="77" hits="1" />
						<line number="78" hits="1" />
						<line number="80" hits="1" />
						<line number="81" hits="1" />
						<line number="89" hits="1" />
						<line number="92" hits="1" />
						<line number="93" hits="1" />
						<line number="106" hits="1" />
						<line number="107" hits="1" />
						<line number="108" hits="1" />
						<line number="110" hits="1" />
						<line number="111" hits="1" />
						<line number="119" hits="1" />
						<line number="122" hits="1" />
						<line number="123" hits="1" />
						<line number="138" hits="1" />
						<line number="139" hits="1" />
						<line number="142" hits="1" />
						<line number="143" hits="1" />
						<line number="144" hits="1" />
						<line number="153" hits="1" />
						<line number="154" hits="1" />
						<line number="163" hits="1" />
						<line number="164" hits="1" />
						<line number="173" hits="1" />
						<line number="174" hits="1" />
						<line number="183" hits="1" />
						<line number="185" hits="1" />
					</lines>
				</class>
				<class name="cobranca_model.py" filename="cobranca_model.py" complexity="0" line-rate="1" branch-rate="0">
					<methods />
					<lines>
						<line number="1" hits="1" />
						<line number="2" hits="1" />
						<line number="3" hits="1" />
						<line number="6" hits="1" />
						<line number="8" hits="1" />
						<line number="9" hits="1" />
						<line number="10" hits="1" />
						<line number="11" hits="1" />
						<line number="14" hits="1" />
						<line number="16" hits="1" />
						<line number="17" hits="1" />
						<line number="18" hits="1" />
						<line number="19" hits="1" />
						<line number="21" hits="1" />
						<line number="22" hits="1" />
						<line number="25" hits="1" />
						<line number="27" hits="1" />
						<line number="28" hits="1" />
						<line number="29" hits="1" />
						<line number="30" hits="1" />
						<line number="32" hits="1" />
						<line number="33" hits="1" />
						<line number="34" hits="1" />
						<line number="48" hits="1" />
						<line number="50" hits="1" />
						<line number="51" hits="1" />
						<line number="52" hits="1" />
						<line number="54" hits="1" />
						<line number="55" hits="1" />
					</lines>
				</class>
				<class name="cobranca_repository.py" filename="cobranca_repository.py" complexity="0" line-rate="0.8974" branch-rate="0">
					<methods />
					<lines>
						<line number="5" hits="1" />
						<line number="6" hits="1" />
						<line number="7" hits="1" />
						<line number="8" hits="1" />
						<line number="9" hits="1" />
						<line number="12" hits="1" />
						<line number="15" hits="1" />
						<line number="16" hits="1" />
						<line number="17" hits="1" />
						<line number="18" hits="1" />
						<line number="20" hits="1" />
						<line number="23" hits="1" />
						<line number="24" hits="1" />
						<line number="26" hits="1" />
						<line number="27" hits="1" />
						<line number="28" hits="1" />
						<line number="29" hits="1" />
						<line number="30" hits="1" />
						<line number="32" hits="1" />
						<line number="33" hits="1" />
						<line number="35" hits="1" />
						<line number="37" hits="1" />
						<line number="38" hits="1" />
						<line number="40" hits="1" />
						<line number="41" hits="1" />
						<line number="43" hits="1" />
						<line number="45" hits="0" />
						<line number="46" hits="0" />
						<line number="48" hits="1" />
						<line number="50" hits="1" />
						<line number="51" hits="1" />
						<line number="52" hits="1" />
						<line number="54" hits="1" />
						<line number="55" hits="1" />
						<line number="56" hits="1" />
						<line number="57" hits="0" />
						<line number="58" hits="0" />
						<line number="60" hits="1" />
						<line number="61" hits="1" />
					</lines>
				</class>
				<class name="email.py" filename="email.py" complexity="0" line-rate="1" branch-rate="0">
					<methods />
					<lines>
						<line number="6" hits="1" />
						<line number="7" hits="1" />
						<line number="8" hits="1" />
						<line number="10" hits="1" />
						<line number="11" hits="1" />
						<line number="12" hits="1" />
						<line number="13" hits="1" />
						<line number="14" hits="1" />
						<line number="17" hits="1" />
						<line number="20" hits="1" />
						<line number="21" hits="1" />
						<line number="28" hits="1" />
						<line number="29" hits="1" />
						<line number="30" hits="1" />
						<line number="33" hits="1" />
						<line number="34" hits="1" />
						<line number="48" hits="1" />
						<line number="49" hits="1" />
						<line number="50" hits="1" />
						<line number="53" hits="1" />
						<line number="56" hits="1" />
						<line number="62" hits="1" />
						<line number="64" hits="1" />
						<line number="73" hits="1" />
						<line number="75" hits="1" />
						<line number="77" hits="1" />
						<line number="78" hits="1" />
						<line number="79" hits="1" />
						<line number="80" hits="1" />
						<line number="89" hits="1" />
						<line number="90" hits="1" />
						<line number="103" hits="1" />
						<line number="104" hits="1" />
						<line number="105" hits="1" />
						<line number="107" hits="1" />
						<line number="108" hits="1" />
						<line number="116" hits="1" />
					</lines>
				</class>
				<class name="email_model.py" filename="email_model.py" complexity="0" line-rate="1" branch-rate="0">
					<methods />
					<lines>
						<line number="1" hits="1" />
						<line number="2" hits="1" />
						<line number="3" hits="1" />
						<line number="6" hits="1" />
						<line number="8" hits="1" />
						<line number="9" hits="1" />
						<line number="10" hits="1" />
						<line number="13" hits="1" />
						<line number="15" hits="1" />
						<line number="16" hits="1" />
						<line number="17" hits="1" />
						<line number="19" hits="1" />
						<line number="20" hits="1" />
					</lines>
				</class>
				<class name="email_repository.py" filename="email_repository.py" complexity="0" line-rate="0.8438" branch-rate="0">
					<methods />
					<lines>
						<line number="5" hits="1" />
						<line number="6" hits="1" />
						<line number="7" hits="1" />
						<line number="8" hits="1" />
						<line number="9" hits="1" />
						<line number="12" hits="1" />
						<line number="15" hits="1" />
						<line number="16" hits="1" />
						<line number="17" hits="1" />
						<line number="18" hits="1" />
						<line number="20" hits="1" />
						<line number="23" hits="1" />
						<line number="24" hits="1" />
						<line number="26" hits="1" />
						<line number="27" hits="1" />
						<line number="28" hits="1" />
						<line number="29" hits="1" />
						<line number="31" hits="1" />
						<line number="32" hits="1" />
						<line number="34" hits="1" />
						<line number="36" hits="1" />
						<line number="37" hits="1" />
						<line number="39" hits="1" />
						<line number="41" hits="0" />
						<line number="42" hits="0" />
						<line number="44" hits="1" />
						<line number="46" hits="1" />
						<line number="47" hits="1" />
						<line number="48" hits="1" />
						<line number="50" hits="0" />
						<line number="51" hits="0" />
						<line number="56" hits="0" />
					</lines>
				</class>
				<class name="erro_model.py" filename="erro_model.py" complexity="0" line-rate="1" branch-rate="0">
					<methods />
					<lines>
						<line number="1" hits="1" />
						<line number="4" hits="1" />
						<line number="6" hits="1" />
						<line number="7" hits="1" />
						<line number="9" hits="1" />
						<line number="10" hits="1" />
					</lines>
				</class>
				<class name="status.py" filename="status.py" complexity="0" line-rate="1" branch-rate="0">
					<methods />
					<lines>
						<line number="1" hits="1" />
						<line number="2" hits="1" />
						<line number="4" hits="1" />
						<line number="6" hits="1" />
						<line number="7" hits="1" />
						<line number="8" hits="1" />
					</lines>
				</class>
				<class name="status_model.py" filename="status_model.py" complexity="0" line-rate="1" branch-rate="0">
					<methods />
					<lines>
						<line number="1" hits="1" />
						<line number="4" hits="1" />
						<line number="8" hits="1" />
						<line number="9" hits="1" />
					</lines>
				</class>
			</classes>
		</package>
	</packages>
</coverage>